2020-08-07 11:34:02,308 ERROR 3876 [-/::1/-/3ms GET /news] nodejs.TypeError: Cannot read property 'list' of undefined
    at NewsController.list (G:\MyBook\LixiaobingDeKe\workspace\Node\egg-example\app\controller\news.js:7:45)
    at Object.callFn (G:\MyBook\LixiaobingDeKe\workspace\Node\egg-example\node_modules\egg-core\lib\utils\index.js:44:21)
    at Object.classControllerMiddleware (G:\MyBook\LixiaobingDeKe\workspace\Node\egg-example\node_modules\egg-core\lib\loader\mixin\controller.js:87:20)
    at Object.callFn (G:\MyBook\LixiaobingDeKe\workspace\Node\egg-example\node_modules\@eggjs\router\lib\utils.js:12:21)
    at wrappedController (G:\MyBook\LixiaobingDeKe\workspace\Node\egg-example\node_modules\@eggjs\router\lib\egg_router.js:322:18)
    at dispatch (G:\MyBook\LixiaobingDeKe\workspace\Node\egg-example\node_modules\koa-compose\index.js:44:32)
    at next (G:\MyBook\LixiaobingDeKe\workspace\Node\egg-example\node_modules\koa-compose\index.js:45:18)
    at G:\MyBook\LixiaobingDeKe\workspace\Node\egg-example\node_modules\@eggjs\router\lib\router.js:190:18
    at dispatch (G:\MyBook\LixiaobingDeKe\workspace\Node\egg-example\node_modules\koa-compose\index.js:44:32)
    at G:\MyBook\LixiaobingDeKe\workspace\Node\egg-example\node_modules\koa-compose\index.js:36:12

pid: 3876
hostname: lixiaobing-PC

2020-08-07 11:34:35,923 ERROR 3876 [-/::1/-/1ms GET /news] nodejs.TypeError: Cannot read property 'list' of undefined
    at NewsController.list (G:\MyBook\LixiaobingDeKe\workspace\Node\egg-example\app\controller\news.js:7:45)
    at Object.callFn (G:\MyBook\LixiaobingDeKe\workspace\Node\egg-example\node_modules\egg-core\lib\utils\index.js:44:21)
    at Object.classControllerMiddleware (G:\MyBook\LixiaobingDeKe\workspace\Node\egg-example\node_modules\egg-core\lib\loader\mixin\controller.js:87:20)
    at Object.callFn (G:\MyBook\LixiaobingDeKe\workspace\Node\egg-example\node_modules\@eggjs\router\lib\utils.js:12:21)
    at wrappedController (G:\MyBook\LixiaobingDeKe\workspace\Node\egg-example\node_modules\@eggjs\router\lib\egg_router.js:322:18)
    at dispatch (G:\MyBook\LixiaobingDeKe\workspace\Node\egg-example\node_modules\koa-compose\index.js:44:32)
    at next (G:\MyBook\LixiaobingDeKe\workspace\Node\egg-example\node_modules\koa-compose\index.js:45:18)
    at G:\MyBook\LixiaobingDeKe\workspace\Node\egg-example\node_modules\@eggjs\router\lib\router.js:190:18
    at dispatch (G:\MyBook\LixiaobingDeKe\workspace\Node\egg-example\node_modules\koa-compose\index.js:44:32)
    at G:\MyBook\LixiaobingDeKe\workspace\Node\egg-example\node_modules\koa-compose\index.js:36:12

pid: 3876
hostname: lixiaobing-PC

2020-08-07 11:36:43,304 ERROR 13208 [-/::1/-/5035ms GET /news] nodejs.ConnectionTimeoutError: Connect timeout for 5000ms, GET https://hacker-news.firebaseio.com/v0/topStories.json -2 (connected: false, keepalive socket: false, agent status: {"createSocketCount":1,"createSocketErrorCount":0,"closeSocketCount":1,"errorSocketCount":0,"timeoutSocketCount":0,"requestCount":0,"freeSockets":{},"sockets":{},"requests":{}}, socketHandledRequests: 1, socketHandledResponses: 0)
headers: {}
headers: {}
    at Timeout._onTimeout (G:\MyBook\LixiaobingDeKe\workspace\Node\egg-example\node_modules\urllib\lib\urllib.js:946:15)
    at ontimeout (timers.js:436:11)
    at tryOnTimeout (timers.js:300:5)
    at listOnTimeout (timers.js:263:5)
    at Timer.processTimers (timers.js:223:10)
name: "ConnectionTimeoutError"
requestId: 1
data: undefined
path: "/v0/topStories.json?orderBy=%22%24key%22&startAt=%220%22&endAt=%224%22"
status: -2
headers: {}
res: {"status":-2,"statusCode":-2,"statusMessage":null,"headers":{},"size":0,"aborted":false,"rt":5020,"keepAliveSocket":false,"requestUrls":["https://hacker-news.firebaseio.com/v0/topStories.json"],"timing":null,"remoteAddress":"35.201.97.85","remotePort":"","socketHandledRequests":1,"socketHandledResponses":0}
pid: 13208
hostname: lixiaobing-PC

2020-08-07 11:41:35,097 ERROR 15748 [-/undefined/-/5037ms GET /news] nodejs.ConnectionTimeoutError: Connect timeout for 5000ms, GET https://hacker-news.firebaseio.com/v0/topstories.json -2 (connected: false, keepalive socket: false, agent status: {"createSocketCount":2,"createSocketErrorCount":0,"closeSocketCount":1,"errorSocketCount":0,"timeoutSocketCount":0,"requestCount":0,"freeSockets":{},"sockets":{"hacker-news.firebaseio.com:443::::::::::::::::":1},"requests":{}}, socketHandledRequests: 1, socketHandledResponses: 0)
headers: {}
headers: {}
    at Timeout._onTimeout (G:\MyBook\LixiaobingDeKe\workspace\Node\egg-example\node_modules\urllib\lib\urllib.js:946:15)
    at ontimeout (timers.js:436:11)
    at tryOnTimeout (timers.js:300:5)
    at listOnTimeout (timers.js:263:5)
    at Timer.processTimers (timers.js:223:10)
name: "ConnectionTimeoutError"
requestId: 1
data: undefined
path: "/v0/topstories.json?orderBy=%22%24key%22&startAt=%220%22&endAt=%224%22"
status: -2
headers: {}
res: {"status":-2,"statusCode":-2,"statusMessage":null,"headers":{},"size":0,"aborted":false,"rt":5023,"keepAliveSocket":false,"requestUrls":["https://hacker-news.firebaseio.com/v0/topstories.json"],"timing":null,"remoteAddress":"35.201.97.85","remotePort":"","socketHandledRequests":1,"socketHandledResponses":0}
headerSent: true
pid: 15748
hostname: lixiaobing-PC

2020-08-07 11:41:36,644 ERROR 15748 [-/::1/-/5004ms GET /news] nodejs.ConnectionTimeoutError: Connect timeout for 5000ms, GET https://hacker-news.firebaseio.com/v0/topstories.json -2 (connected: false, keepalive socket: false, agent status: {"createSocketCount":2,"createSocketErrorCount":0,"closeSocketCount":2,"errorSocketCount":0,"timeoutSocketCount":0,"requestCount":0,"freeSockets":{},"sockets":{},"requests":{}}, socketHandledRequests: 1, socketHandledResponses: 0)
headers: {}
headers: {}
    at Timeout._onTimeout (G:\MyBook\LixiaobingDeKe\workspace\Node\egg-example\node_modules\urllib\lib\urllib.js:946:15)
    at ontimeout (timers.js:436:11)
    at tryOnTimeout (timers.js:300:5)
    at listOnTimeout (timers.js:263:5)
    at Timer.processTimers (timers.js:223:10)
name: "ConnectionTimeoutError"
requestId: 2
data: undefined
path: "/v0/topstories.json?orderBy=%22%24key%22&startAt=%220%22&endAt=%224%22"
status: -2
headers: {}
res: {"status":-2,"statusCode":-2,"statusMessage":null,"headers":{},"size":0,"aborted":false,"rt":5002,"keepAliveSocket":false,"requestUrls":["https://hacker-news.firebaseio.com/v0/topstories.json"],"timing":null,"remoteAddress":"35.201.97.85","remotePort":"","socketHandledRequests":1,"socketHandledResponses":0}
pid: 15748
hostname: lixiaobing-PC

2020-08-07 11:46:00,975 ERROR 11288 [-/::1/-/5044ms GET /news] nodejs.ConnectionTimeoutError: Connect timeout for 5000ms, GET https://hacker-news.firebaseio.com/v0/topstories.json -2 (connected: false, keepalive socket: false, agent status: {"createSocketCount":1,"createSocketErrorCount":0,"closeSocketCount":1,"errorSocketCount":0,"timeoutSocketCount":0,"requestCount":0,"freeSockets":{},"sockets":{},"requests":{}}, socketHandledRequests: 1, socketHandledResponses: 0)
headers: {}
headers: {}
    at Timeout._onTimeout (G:\MyBook\LixiaobingDeKe\workspace\Node\egg-example\node_modules\urllib\lib\urllib.js:946:15)
    at ontimeout (timers.js:436:11)
    at tryOnTimeout (timers.js:300:5)
    at listOnTimeout (timers.js:263:5)
    at Timer.processTimers (timers.js:223:10)
name: "ConnectionTimeoutError"
requestId: 1
data: undefined
path: "/v0/topstories.json?orderBy=%22%24key%22&startAt=%220%22&endAt=%224%22"
status: -2
headers: {}
res: {"status":-2,"statusCode":-2,"statusMessage":null,"headers":{},"size":0,"aborted":false,"rt":5021,"keepAliveSocket":false,"requestUrls":["https://hacker-news.firebaseio.com/v0/topstories.json"],"timing":null,"remoteAddress":"35.201.97.85","remotePort":"","socketHandledRequests":1,"socketHandledResponses":0}
pid: 11288
hostname: lixiaobing-PC

